<?xml version="1.0" encoding="UTF-8"?>
<!-- Generated by org.testng.reporters.JUnitXMLReporter -->
<testsuite hostname="Ruthwik" ignored="0" name="Default test" tests="3" failures="0" timestamp="09 Aug 2021 05:18:57 GMT" time="77.563" errors="0">
  <testcase name="createCustomer" time="11.762" classname="testcases.TasksTests"/>
  <testcase name="createCustomer" time="11.997" classname="testcases.TasksTests"/>
  <testcase name="createCustomer" time="13.634" classname="testcases.TasksTests"/>
</testsuite> <!-- Default test -->
