<?xml version="1.0" encoding="UTF-8"?>
<!-- Generated by org.testng.reporters.JUnitXMLReporter -->
<testsuite hostname="Ruthwik" ignored="3" name="Default test" tests="1" failures="0" timestamp="11 Jul 2021 14:54:47 GMT" time="89.085" errors="0">
  <testcase name="createTask" time="74.068" classname="testcases.RegressionSuite"/>
  <testcase name="getPageTitle" time="0.0" classname="testcases.RegressionSuite">
    <ignored/>
  </testcase> <!-- getPageTitle -->
  <testcase name="logintoApp" time="0.0" classname="testcases.RegressionSuite">
    <ignored/>
  </testcase> <!-- logintoApp -->
  <testcase name="loginadfasd" time="0.0" classname="testcases.RegressionSuite">
    <ignored/>
  </testcase> <!-- loginadfasd -->
</testsuite> <!-- Default test -->
