<?xml version="1.0" encoding="UTF-8"?>
<!-- Generated by org.testng.reporters.JUnitXMLReporter -->
<testsuite hostname="Ruthwik" ignored="0" name="Tasks" tests="4" failures="4" timestamp="28 Jul 2021 05:22:13 GMT" time="300.766" errors="0">
  <testcase name="TC001_getPageTitle" time="32.76" classname="testcases.RegressionSuite">
    <failure type="java.lang.NullPointerException">
      <![CDATA[java.lang.NullPointerException
	at testcases.RegressionSuite.TC001_getPageTitle(RegressionSuite.java:31)
... Removed 25 stack frames]]>
    </failure>
  </testcase> <!-- TC001_getPageTitle -->
  <testcase name="TC002_logintoApp" time="121.803" classname="testcases.RegressionSuite">
    <failure type="java.lang.NullPointerException">
      <![CDATA[java.lang.NullPointerException
	at testcases.RegressionSuite.TC002_logintoApp(RegressionSuite.java:37)
... Removed 25 stack frames]]>
    </failure>
  </testcase> <!-- TC002_logintoApp -->
  <testcase name="TC003_loginadfasd" time="17.303" classname="testcases.RegressionSuite">
    <failure type="java.lang.NullPointerException">
      <![CDATA[java.lang.NullPointerException
	at testpages.LoginPage.setUserName(LoginPage.java:34)
	at testpages.LoginPage.loginToApp(LoginPage.java:46)
	at testcases.RegressionSuite.TC003_loginadfasd(RegressionSuite.java:47)
... Removed 25 stack frames]]>
    </failure>
  </testcase> <!-- TC003_loginadfasd -->
  <testcase name="TC004_createTask" time="106.475" classname="testcases.RegressionSuite">
    <failure type="java.lang.NullPointerException">
      <![CDATA[java.lang.NullPointerException
	at testpages.LoginPage.setUserName(LoginPage.java:34)
	at testpages.LoginPage.loginToApp(LoginPage.java:46)
	at testcases.RegressionSuite.TC004_createTask(RegressionSuite.java:57)
... Removed 25 stack frames]]>
    </failure>
  </testcase> <!-- TC004_createTask -->
</testsuite> <!-- Tasks -->
