<?xml version="1.0" encoding="UTF-8"?>
<testng-results skipped="0" failed="0" ignored="0" total="3" passed="3">
  <reporter-output>
  </reporter-output>
  <suite name="Default suite" duration-ms="77563" started-at="2021-08-09T05:17:39Z" finished-at="2021-08-09T05:18:57Z">
    <groups>
    </groups>
    <test name="Default test" duration-ms="77563" started-at="2021-08-09T05:17:39Z" finished-at="2021-08-09T05:18:57Z">
      <class name="testcases.TasksTests">
        <test-method status="PASS" signature="setup()[pri:0, instance:testcases.TasksTests@4fe3c938]" name="setup" is-config="true" duration-ms="11876" started-at="2021-08-09T10:47:41Z" finished-at="2021-08-09T10:47:53Z">
          <reporter-output>
          </reporter-output>
        </test-method> <!-- setup -->
        <test-method status="PASS" signature="createCustomer(java.util.Map)[pri:0, instance:testcases.TasksTests@4fe3c938]" name="createCustomer" duration-ms="11762" started-at="2021-08-09T10:47:53Z" data-provider="getTasksData" finished-at="2021-08-09T10:48:04Z">
          <params>
            <param index="0">
              <value>
                <![CDATA[{custDescreption=I work in Virtusa, custName=Sudheer, TcName=TC001}]]>
              </value>
            </param>
          </params>
          <reporter-output>
          </reporter-output>
        </test-method> <!-- createCustomer -->
        <test-method status="PASS" signature="tearDown()[pri:0, instance:testcases.TasksTests@4fe3c938]" name="tearDown" is-config="true" duration-ms="1095" started-at="2021-08-09T10:48:04Z" finished-at="2021-08-09T10:48:05Z">
          <reporter-output>
          </reporter-output>
        </test-method> <!-- tearDown -->
        <test-method status="PASS" signature="setup()[pri:0, instance:testcases.TasksTests@4fe3c938]" name="setup" is-config="true" duration-ms="10591" started-at="2021-08-09T10:48:05Z" finished-at="2021-08-09T10:48:16Z">
          <reporter-output>
          </reporter-output>
        </test-method> <!-- setup -->
        <test-method status="PASS" signature="createCustomer(java.util.Map)[pri:0, instance:testcases.TasksTests@4fe3c938]" name="createCustomer" duration-ms="11997" started-at="2021-08-09T10:48:16Z" data-provider="getTasksData" finished-at="2021-08-09T10:48:28Z">
          <params>
            <param index="0">
              <value>
                <![CDATA[{custDescreption=I work in Techm, custName=Naidu, TcName=TC001}]]>
              </value>
            </param>
          </params>
          <reporter-output>
          </reporter-output>
        </test-method> <!-- createCustomer -->
        <test-method status="PASS" signature="tearDown()[pri:0, instance:testcases.TasksTests@4fe3c938]" name="tearDown" is-config="true" duration-ms="1089" started-at="2021-08-09T10:48:28Z" finished-at="2021-08-09T10:48:29Z">
          <reporter-output>
          </reporter-output>
        </test-method> <!-- tearDown -->
        <test-method status="PASS" signature="setup()[pri:0, instance:testcases.TasksTests@4fe3c938]" name="setup" is-config="true" duration-ms="12641" started-at="2021-08-09T10:48:29Z" finished-at="2021-08-09T10:48:42Z">
          <reporter-output>
          </reporter-output>
        </test-method> <!-- setup -->
        <test-method status="PASS" signature="createCustomer(java.util.Map)[pri:0, instance:testcases.TasksTests@4fe3c938]" name="createCustomer" duration-ms="13634" started-at="2021-08-09T10:48:42Z" data-provider="getTasksData" finished-at="2021-08-09T10:48:55Z">
          <params>
            <param index="0">
              <value>
                <![CDATA[{custDescreption=I work in Virtusa, custName=Ruthwik, TcName=TC001}]]>
              </value>
            </param>
          </params>
          <reporter-output>
          </reporter-output>
        </test-method> <!-- createCustomer -->
        <test-method status="PASS" signature="tearDown()[pri:0, instance:testcases.TasksTests@4fe3c938]" name="tearDown" is-config="true" duration-ms="1540" started-at="2021-08-09T10:48:55Z" finished-at="2021-08-09T10:48:57Z">
          <reporter-output>
          </reporter-output>
        </test-method> <!-- tearDown -->
        <test-method status="PASS" signature="afterTest()[pri:0, instance:testcases.TasksTests@4fe3c938]" name="afterTest" is-config="true" duration-ms="0" started-at="2021-08-09T10:48:57Z" finished-at="2021-08-09T10:48:57Z">
          <reporter-output>
          </reporter-output>
        </test-method> <!-- afterTest -->
      </class> <!-- testcases.TasksTests -->
    </test> <!-- Default test -->
  </suite> <!-- Default suite -->
</testng-results>
